[2021-05-02 12:50:21] local.ERROR: The "-l" option does not exist. {"exception":"[object] (Symfony\\Component\\Console\\Exception\\RuntimeException(code: 0): The \"-l\" option does not exist. at C:\\Users\\Smorty\\Desktop\\erpBackend\\erpBackend\\vendor\\symfony\\console\\Input\\ArgvInput.php:115)
[stacktrace]
#0 C:\\Users\\Smorty\\Desktop\\erpBackend\\erpBackend\\vendor\\symfony\\console\\Input\\ArgvInput.php(97): Symfony\\Component\\Console\\Input\\ArgvInput->parseShortOptionSet()
#1 C:\\Users\\Smorty\\Desktop\\erpBackend\\erpBackend\\vendor\\symfony\\console\\Input\\ArgvInput.php(78): Symfony\\Component\\Console\\Input\\ArgvInput->parseShortOption()
#2 C:\\Users\\Smorty\\Desktop\\erpBackend\\erpBackend\\vendor\\symfony\\console\\Input\\Input.php(55): Symfony\\Component\\Console\\Input\\ArgvInput->parse()
#3 C:\\Users\\Smorty\\Desktop\\erpBackend\\erpBackend\\vendor\\symfony\\console\\Command\\Command.php(215): Symfony\\Component\\Console\\Input\\Input->bind()
#4 C:\\Users\\Smorty\\Desktop\\erpBackend\\erpBackend\\vendor\\symfony\\console\\Application.php(971): Symfony\\Component\\Console\\Command\\Command->run()
#5 C:\\Users\\Smorty\\Desktop\\erpBackend\\erpBackend\\vendor\\symfony\\console\\Application.php(290): Symfony\\Component\\Console\\Application->doRunCommand()
#6 C:\\Users\\Smorty\\Desktop\\erpBackend\\erpBackend\\vendor\\symfony\\console\\Application.php(166): Symfony\\Component\\Console\\Application->doRun()
#7 C:\\Users\\Smorty\\Desktop\\erpBackend\\erpBackend\\vendor\\laravel\\framework\\src\\Illuminate\\Console\\Application.php(92): Symfony\\Component\\Console\\Application->run()
#8 C:\\Users\\Smorty\\Desktop\\erpBackend\\erpBackend\\vendor\\laravel\\framework\\src\\Illuminate\\Foundation\\Console\\Kernel.php(129): Illuminate\\Console\\Application->run()
#9 C:\\Users\\Smorty\\Desktop\\erpBackend\\erpBackend\\artisan(37): Illuminate\\Foundation\\Console\\Kernel->handle()
#10 {main}
"} 
[2021-05-02 12:50:43] local.ERROR: Command "fresh" is not defined.

Did you mean one of these?
    migrate:fresh
    migrate:refresh {"exception":"[object] (Symfony\\Component\\Console\\Exception\\CommandNotFoundException(code: 0): Command \"fresh\" is not defined.

Did you mean one of these?
    migrate:fresh
    migrate:refresh at C:\\Users\\Smorty\\Desktop\\erpBackend\\erpBackend\\vendor\\symfony\\console\\Application.php:675)
[stacktrace]
#0 C:\\Users\\Smorty\\Desktop\\erpBackend\\erpBackend\\vendor\\symfony\\console\\Application.php(254): Symfony\\Component\\Console\\Application->find()
#1 C:\\Users\\Smorty\\Desktop\\erpBackend\\erpBackend\\vendor\\symfony\\console\\Application.php(166): Symfony\\Component\\Console\\Application->doRun()
#2 C:\\Users\\Smorty\\Desktop\\erpBackend\\erpBackend\\vendor\\laravel\\framework\\src\\Illuminate\\Console\\Application.php(92): Symfony\\Component\\Console\\Application->run()
#3 C:\\Users\\Smorty\\Desktop\\erpBackend\\erpBackend\\vendor\\laravel\\framework\\src\\Illuminate\\Foundation\\Console\\Kernel.php(129): Illuminate\\Console\\Application->run()
#4 C:\\Users\\Smorty\\Desktop\\erpBackend\\erpBackend\\artisan(37): Illuminate\\Foundation\\Console\\Kernel->handle()
#5 {main}
"} 
[2021-05-02 12:50:58] local.ERROR: SQLSTATE[HY000] [2002] No connection could be made because the target machine actively refused it.
 (SQL: SHOW FULL TABLES WHERE table_type = 'BASE TABLE') {"exception":"[object] (Illuminate\\Database\\QueryException(code: 2002): SQLSTATE[HY000] [2002] No connection could be made because the target machine actively refused it.
 (SQL: SHOW FULL TABLES WHERE table_type = 'BASE TABLE') at C:\\Users\\Smorty\\Desktop\\erpBackend\\erpBackend\\vendor\\laravel\\framework\\src\\Illuminate\\Database\\Connection.php:678)
[stacktrace]
#0 C:\\Users\\Smorty\\Desktop\\erpBackend\\erpBackend\\vendor\\laravel\\framework\\src\\Illuminate\\Database\\Connection.php(638): Illuminate\\Database\\Connection->runQueryCallback()
#1 C:\\Users\\Smorty\\Desktop\\erpBackend\\erpBackend\\vendor\\laravel\\framework\\src\\Illuminate\\Database\\Connection.php(346): Illuminate\\Database\\Connection->run()
#2 C:\\Users\\Smorty\\Desktop\\erpBackend\\erpBackend\\vendor\\laravel\\framework\\src\\Illuminate\\Database\\Schema\\MySqlBuilder.php(125): Illuminate\\Database\\Connection->select()
#3 C:\\Users\\Smorty\\Desktop\\erpBackend\\erpBackend\\vendor\\laravel\\framework\\src\\Illuminate\\Database\\Schema\\MySqlBuilder.php(74): Illuminate\\Database\\Schema\\MySqlBuilder->getAllTables()
#4 C:\\Users\\Smorty\\Desktop\\erpBackend\\erpBackend\\vendor\\laravel\\framework\\src\\Illuminate\\Database\\Console\\WipeCommand.php(69): Illuminate\\Database\\Schema\\MySqlBuilder->dropAllTables()
#5 C:\\Users\\Smorty\\Desktop\\erpBackend\\erpBackend\\vendor\\laravel\\framework\\src\\Illuminate\\Database\\Console\\WipeCommand.php(46): Illuminate\\Database\\Console\\WipeCommand->dropAllTables()
#6 C:\\Users\\Smorty\\Desktop\\erpBackend\\erpBackend\\vendor\\laravel\\framework\\src\\Illuminate\\Container\\BoundMethod.php(36): Illuminate\\Database\\Console\\WipeCommand->handle()
#7 C:\\Users\\Smorty\\Desktop\\erpBackend\\erpBackend\\vendor\\laravel\\framework\\src\\Illuminate\\Container\\Util.php(40): Illuminate\\Container\\BoundMethod::Illuminate\\Container\\{closure}()
#8 C:\\Users\\Smorty\\Desktop\\erpBackend\\erpBackend\\vendor\\laravel\\framework\\src\\Illuminate\\Container\\BoundMethod.php(93): Illuminate\\Container\\Util::unwrapIfClosure()
#9 C:\\Users\\Smorty\\Desktop\\erpBackend\\erpBackend\\vendor\\laravel\\framework\\src\\Illuminate\\Container\\BoundMethod.php(37): Illuminate\\Container\\BoundMethod::callBoundMethod()
#10 C:\\Users\\Smorty\\Desktop\\erpBackend\\erpBackend\\vendor\\laravel\\framework\\src\\Illuminate\\Container\\Container.php(611): Illuminate\\Container\\BoundMethod::call()
#11 C:\\Users\\Smorty\\Desktop\\erpBackend\\erpBackend\\vendor\\laravel\\framework\\src\\Illuminate\\Console\\Command.php(136): Illuminate\\Container\\Container->call()
#12 C:\\Users\\Smorty\\Desktop\\erpBackend\\erpBackend\\vendor\\symfony\\console\\Command\\Command.php(256): Illuminate\\Console\\Command->execute()
#13 C:\\Users\\Smorty\\Desktop\\erpBackend\\erpBackend\\vendor\\laravel\\framework\\src\\Illuminate\\Console\\Command.php(121): Symfony\\Component\\Console\\Command\\Command->run()
#14 C:\\Users\\Smorty\\Desktop\\erpBackend\\erpBackend\\vendor\\laravel\\framework\\src\\Illuminate\\Console\\Concerns\\CallsCommands.php(68): Illuminate\\Console\\Command->run()
#15 C:\\Users\\Smorty\\Desktop\\erpBackend\\erpBackend\\vendor\\laravel\\framework\\src\\Illuminate\\Console\\Concerns\\CallsCommands.php(28): Illuminate\\Console\\Command->runCommand()
#16 C:\\Users\\Smorty\\Desktop\\erpBackend\\erpBackend\\vendor\\laravel\\framework\\src\\Illuminate\\Database\\Console\\Migrations\\FreshCommand.php(43): Illuminate\\Console\\Command->call()
#17 C:\\Users\\Smorty\\Desktop\\erpBackend\\erpBackend\\vendor\\laravel\\framework\\src\\Illuminate\\Container\\BoundMethod.php(36): Illuminate\\Database\\Console\\Migrations\\FreshCommand->handle()
#18 C:\\Users\\Smorty\\Desktop\\erpBackend\\erpBackend\\vendor\\laravel\\framework\\src\\Illuminate\\Container\\Util.php(40): Illuminate\\Container\\BoundMethod::Illuminate\\Container\\{closure}()
#19 C:\\Users\\Smorty\\Desktop\\erpBackend\\erpBackend\\vendor\\laravel\\framework\\src\\Illuminate\\Container\\BoundMethod.php(93): Illuminate\\Container\\Util::unwrapIfClosure()
#20 C:\\Users\\Smorty\\Desktop\\erpBackend\\erpBackend\\vendor\\laravel\\framework\\src\\Illuminate\\Container\\BoundMethod.php(37): Illuminate\\Container\\BoundMethod::callBoundMethod()
#21 C:\\Users\\Smorty\\Desktop\\erpBackend\\erpBackend\\vendor\\laravel\\framework\\src\\Illuminate\\Container\\Container.php(611): Illuminate\\Container\\BoundMethod::call()
#22 C:\\Users\\Smorty\\Desktop\\erpBackend\\erpBackend\\vendor\\laravel\\framework\\src\\Illuminate\\Console\\Command.php(136): Illuminate\\Container\\Container->call()
#23 C:\\Users\\Smorty\\Desktop\\erpBackend\\erpBackend\\vendor\\symfony\\console\\Command\\Command.php(256): Illuminate\\Console\\Command->execute()
#24 C:\\Users\\Smorty\\Desktop\\erpBackend\\erpBackend\\vendor\\laravel\\framework\\src\\Illuminate\\Console\\Command.php(121): Symfony\\Component\\Console\\Command\\Command->run()
#25 C:\\Users\\Smorty\\Desktop\\erpBackend\\erpBackend\\vendor\\symfony\\console\\Application.php(971): Illuminate\\Console\\Command->run()
#26 C:\\Users\\Smorty\\Desktop\\erpBackend\\erpBackend\\vendor\\symfony\\console\\Application.php(290): Symfony\\Component\\Console\\Application->doRunCommand()
#27 C:\\Users\\Smorty\\Desktop\\erpBackend\\erpBackend\\vendor\\symfony\\console\\Application.php(166): Symfony\\Component\\Console\\Application->doRun()
#28 C:\\Users\\Smorty\\Desktop\\erpBackend\\erpBackend\\vendor\\laravel\\framework\\src\\Illuminate\\Console\\Application.php(92): Symfony\\Component\\Console\\Application->run()
#29 C:\\Users\\Smorty\\Desktop\\erpBackend\\erpBackend\\vendor\\laravel\\framework\\src\\Illuminate\\Foundation\\Console\\Kernel.php(129): Illuminate\\Console\\Application->run()
#30 C:\\Users\\Smorty\\Desktop\\erpBackend\\erpBackend\\artisan(37): Illuminate\\Foundation\\Console\\Kernel->handle()
#31 {main}

[previous exception] [object] (PDOException(code: 2002): SQLSTATE[HY000] [2002] No connection could be made because the target machine actively refused it.
 at C:\\Users\\Smorty\\Desktop\\erpBackend\\erpBackend\\vendor\\laravel\\framework\\src\\Illuminate\\Database\\Connectors\\Connector.php:70)
[stacktrace]
#0 C:\\Users\\Smorty\\Desktop\\erpBackend\\erpBackend\\vendor\\laravel\\framework\\src\\Illuminate\\Database\\Connectors\\Connector.php(70): PDO->__construct()
#1 C:\\Users\\Smorty\\Desktop\\erpBackend\\erpBackend\\vendor\\laravel\\framework\\src\\Illuminate\\Database\\Connectors\\Connector.php(46): Illuminate\\Database\\Connectors\\Connector->createPdoConnection()
#2 C:\\Users\\Smorty\\Desktop\\erpBackend\\erpBackend\\vendor\\laravel\\framework\\src\\Illuminate\\Database\\Connectors\\MySqlConnector.php(24): Illuminate\\Database\\Connectors\\Connector->createConnection()
#3 C:\\Users\\Smorty\\Desktop\\erpBackend\\erpBackend\\vendor\\laravel\\framework\\src\\Illuminate\\Database\\Connectors\\ConnectionFactory.php(184): Illuminate\\Database\\Connectors\\MySqlConnector->connect()
#4 [internal function]: Illuminate\\Database\\Connectors\\ConnectionFactory->Illuminate\\Database\\Connectors\\{closure}()
#5 C:\\Users\\Smorty\\Desktop\\erpBackend\\erpBackend\\vendor\\laravel\\framework\\src\\Illuminate\\Database\\Connection.php(949): call_user_func()
#6 C:\\Users\\Smorty\\Desktop\\erpBackend\\erpBackend\\vendor\\laravel\\framework\\src\\Illuminate\\Database\\Connection.php(984): Illuminate\\Database\\Connection->getPdo()
#7 C:\\Users\\Smorty\\Desktop\\erpBackend\\erpBackend\\vendor\\laravel\\framework\\src\\Illuminate\\Database\\Connection.php(412): Illuminate\\Database\\Connection->getReadPdo()
#8 C:\\Users\\Smorty\\Desktop\\erpBackend\\erpBackend\\vendor\\laravel\\framework\\src\\Illuminate\\Database\\Connection.php(338): Illuminate\\Database\\Connection->getPdoForSelect()
#9 C:\\Users\\Smorty\\Desktop\\erpBackend\\erpBackend\\vendor\\laravel\\framework\\src\\Illuminate\\Database\\Connection.php(671): Illuminate\\Database\\Connection->Illuminate\\Database\\{closure}()
#10 C:\\Users\\Smorty\\Desktop\\erpBackend\\erpBackend\\vendor\\laravel\\framework\\src\\Illuminate\\Database\\Connection.php(638): Illuminate\\Database\\Connection->runQueryCallback()
#11 C:\\Users\\Smorty\\Desktop\\erpBackend\\erpBackend\\vendor\\laravel\\framework\\src\\Illuminate\\Database\\Connection.php(346): Illuminate\\Database\\Connection->run()
#12 C:\\Users\\Smorty\\Desktop\\erpBackend\\erpBackend\\vendor\\laravel\\framework\\src\\Illuminate\\Database\\Schema\\MySqlBuilder.php(125): Illuminate\\Database\\Connection->select()
#13 C:\\Users\\Smorty\\Desktop\\erpBackend\\erpBackend\\vendor\\laravel\\framework\\src\\Illuminate\\Database\\Schema\\MySqlBuilder.php(74): Illuminate\\Database\\Schema\\MySqlBuilder->getAllTables()
#14 C:\\Users\\Smorty\\Desktop\\erpBackend\\erpBackend\\vendor\\laravel\\framework\\src\\Illuminate\\Database\\Console\\WipeCommand.php(69): Illuminate\\Database\\Schema\\MySqlBuilder->dropAllTables()
#15 C:\\Users\\Smorty\\Desktop\\erpBackend\\erpBackend\\vendor\\laravel\\framework\\src\\Illuminate\\Database\\Console\\WipeCommand.php(46): Illuminate\\Database\\Console\\WipeCommand->dropAllTables()
#16 C:\\Users\\Smorty\\Desktop\\erpBackend\\erpBackend\\vendor\\laravel\\framework\\src\\Illuminate\\Container\\BoundMethod.php(36): Illuminate\\Database\\Console\\WipeCommand->handle()
#17 C:\\Users\\Smorty\\Desktop\\erpBackend\\erpBackend\\vendor\\laravel\\framework\\src\\Illuminate\\Container\\Util.php(40): Illuminate\\Container\\BoundMethod::Illuminate\\Container\\{closure}()
#18 C:\\Users\\Smorty\\Desktop\\erpBackend\\erpBackend\\vendor\\laravel\\framework\\src\\Illuminate\\Container\\BoundMethod.php(93): Illuminate\\Container\\Util::unwrapIfClosure()
#19 C:\\Users\\Smorty\\Desktop\\erpBackend\\erpBackend\\vendor\\laravel\\framework\\src\\Illuminate\\Container\\BoundMethod.php(37): Illuminate\\Container\\BoundMethod::callBoundMethod()
#20 C:\\Users\\Smorty\\Desktop\\erpBackend\\erpBackend\\vendor\\laravel\\framework\\src\\Illuminate\\Container\\Container.php(611): Illuminate\\Container\\BoundMethod::call()
#21 C:\\Users\\Smorty\\Desktop\\erpBackend\\erpBackend\\vendor\\laravel\\framework\\src\\Illuminate\\Console\\Command.php(136): Illuminate\\Container\\Container->call()
#22 C:\\Users\\Smorty\\Desktop\\erpBackend\\erpBackend\\vendor\\symfony\\console\\Command\\Command.php(256): Illuminate\\Console\\Command->execute()
#23 C:\\Users\\Smorty\\Desktop\\erpBackend\\erpBackend\\vendor\\laravel\\framework\\src\\Illuminate\\Console\\Command.php(121): Symfony\\Component\\Console\\Command\\Command->run()
#24 C:\\Users\\Smorty\\Desktop\\erpBackend\\erpBackend\\vendor\\laravel\\framework\\src\\Illuminate\\Console\\Concerns\\CallsCommands.php(68): Illuminate\\Console\\Command->run()
#25 C:\\Users\\Smorty\\Desktop\\erpBackend\\erpBackend\\vendor\\laravel\\framework\\src\\Illuminate\\Console\\Concerns\\CallsCommands.php(28): Illuminate\\Console\\Command->runCommand()
#26 C:\\Users\\Smorty\\Desktop\\erpBackend\\erpBackend\\vendor\\laravel\\framework\\src\\Illuminate\\Database\\Console\\Migrations\\FreshCommand.php(43): Illuminate\\Console\\Command->call()
#27 C:\\Users\\Smorty\\Desktop\\erpBackend\\erpBackend\\vendor\\laravel\\framework\\src\\Illuminate\\Container\\BoundMethod.php(36): Illuminate\\Database\\Console\\Migrations\\FreshCommand->handle()
#28 C:\\Users\\Smorty\\Desktop\\erpBackend\\erpBackend\\vendor\\laravel\\framework\\src\\Illuminate\\Container\\Util.php(40): Illuminate\\Container\\BoundMethod::Illuminate\\Container\\{closure}()
#29 C:\\Users\\Smorty\\Desktop\\erpBackend\\erpBackend\\vendor\\laravel\\framework\\src\\Illuminate\\Container\\BoundMethod.php(93): Illuminate\\Container\\Util::unwrapIfClosure()
#30 C:\\Users\\Smorty\\Desktop\\erpBackend\\erpBackend\\vendor\\laravel\\framework\\src\\Illuminate\\Container\\BoundMethod.php(37): Illuminate\\Container\\BoundMethod::callBoundMethod()
#31 C:\\Users\\Smorty\\Desktop\\erpBackend\\erpBackend\\vendor\\laravel\\framework\\src\\Illuminate\\Container\\Container.php(611): Illuminate\\Container\\BoundMethod::call()
#32 C:\\Users\\Smorty\\Desktop\\erpBackend\\erpBackend\\vendor\\laravel\\framework\\src\\Illuminate\\Console\\Command.php(136): Illuminate\\Container\\Container->call()
#33 C:\\Users\\Smorty\\Desktop\\erpBackend\\erpBackend\\vendor\\symfony\\console\\Command\\Command.php(256): Illuminate\\Console\\Command->execute()
#34 C:\\Users\\Smorty\\Desktop\\erpBackend\\erpBackend\\vendor\\laravel\\framework\\src\\Illuminate\\Console\\Command.php(121): Symfony\\Component\\Console\\Command\\Command->run()
#35 C:\\Users\\Smorty\\Desktop\\erpBackend\\erpBackend\\vendor\\symfony\\console\\Application.php(971): Illuminate\\Console\\Command->run()
#36 C:\\Users\\Smorty\\Desktop\\erpBackend\\erpBackend\\vendor\\symfony\\console\\Application.php(290): Symfony\\Component\\Console\\Application->doRunCommand()
#37 C:\\Users\\Smorty\\Desktop\\erpBackend\\erpBackend\\vendor\\symfony\\console\\Application.php(166): Symfony\\Component\\Console\\Application->doRun()
#38 C:\\Users\\Smorty\\Desktop\\erpBackend\\erpBackend\\vendor\\laravel\\framework\\src\\Illuminate\\Console\\Application.php(92): Symfony\\Component\\Console\\Application->run()
#39 C:\\Users\\Smorty\\Desktop\\erpBackend\\erpBackend\\vendor\\laravel\\framework\\src\\Illuminate\\Foundation\\Console\\Kernel.php(129): Illuminate\\Console\\Application->run()
#40 C:\\Users\\Smorty\\Desktop\\erpBackend\\erpBackend\\artisan(37): Illuminate\\Foundation\\Console\\Kernel->handle()
#41 {main}
"} 
[2021-05-02 12:56:51] local.ERROR: SQLSTATE[HY000] [2002] No connection could be made because the target machine actively refused it.
 (SQL: SHOW FULL TABLES WHERE table_type = 'BASE TABLE') {"exception":"[object] (Illuminate\\Database\\QueryException(code: 2002): SQLSTATE[HY000] [2002] No connection could be made because the target machine actively refused it.
 (SQL: SHOW FULL TABLES WHERE table_type = 'BASE TABLE') at C:\\Users\\Smorty\\Desktop\\erpBackend\\erpBackend\\vendor\\laravel\\framework\\src\\Illuminate\\Database\\Connection.php:678)
[stacktrace]
#0 C:\\Users\\Smorty\\Desktop\\erpBackend\\erpBackend\\vendor\\laravel\\framework\\src\\Illuminate\\Database\\Connection.php(638): Illuminate\\Database\\Connection->runQueryCallback()
#1 C:\\Users\\Smorty\\Desktop\\erpBackend\\erpBackend\\vendor\\laravel\\framework\\src\\Illuminate\\Database\\Connection.php(346): Illuminate\\Database\\Connection->run()
#2 C:\\Users\\Smorty\\Desktop\\erpBackend\\erpBackend\\vendor\\laravel\\framework\\src\\Illuminate\\Database\\Schema\\MySqlBuilder.php(125): Illuminate\\Database\\Connection->select()
#3 C:\\Users\\Smorty\\Desktop\\erpBackend\\erpBackend\\vendor\\laravel\\framework\\src\\Illuminate\\Database\\Schema\\MySqlBuilder.php(74): Illuminate\\Database\\Schema\\MySqlBuilder->getAllTables()
#4 C:\\Users\\Smorty\\Desktop\\erpBackend\\erpBackend\\vendor\\laravel\\framework\\src\\Illuminate\\Database\\Console\\WipeCommand.php(69): Illuminate\\Database\\Schema\\MySqlBuilder->dropAllTables()
#5 C:\\Users\\Smorty\\Desktop\\erpBackend\\erpBackend\\vendor\\laravel\\framework\\src\\Illuminate\\Database\\Console\\WipeCommand.php(46): Illuminate\\Database\\Console\\WipeCommand->dropAllTables()
#6 C:\\Users\\Smorty\\Desktop\\erpBackend\\erpBackend\\vendor\\laravel\\framework\\src\\Illuminate\\Container\\BoundMethod.php(36): Illuminate\\Database\\Console\\WipeCommand->handle()
#7 C:\\Users\\Smorty\\Desktop\\erpBackend\\erpBackend\\vendor\\laravel\\framework\\src\\Illuminate\\Container\\Util.php(40): Illuminate\\Container\\BoundMethod::Illuminate\\Container\\{closure}()
#8 C:\\Users\\Smorty\\Desktop\\erpBackend\\erpBackend\\vendor\\laravel\\framework\\src\\Illuminate\\Container\\BoundMethod.php(93): Illuminate\\Container\\Util::unwrapIfClosure()
#9 C:\\Users\\Smorty\\Desktop\\erpBackend\\erpBackend\\vendor\\laravel\\framework\\src\\Illuminate\\Container\\BoundMethod.php(37): Illuminate\\Container\\BoundMethod::callBoundMethod()
#10 C:\\Users\\Smorty\\Desktop\\erpBackend\\erpBackend\\vendor\\laravel\\framework\\src\\Illuminate\\Container\\Container.php(611): Illuminate\\Container\\BoundMethod::call()
#11 C:\\Users\\Smorty\\Desktop\\erpBackend\\erpBackend\\vendor\\laravel\\framework\\src\\Illuminate\\Console\\Command.php(136): Illuminate\\Container\\Container->call()
#12 C:\\Users\\Smorty\\Desktop\\erpBackend\\erpBackend\\vendor\\symfony\\console\\Command\\Command.php(256): Illuminate\\Console\\Command->execute()
#13 C:\\Users\\Smorty\\Desktop\\erpBackend\\erpBackend\\vendor\\laravel\\framework\\src\\Illuminate\\Console\\Command.php(121): Symfony\\Component\\Console\\Command\\Command->run()
#14 C:\\Users\\Smorty\\Desktop\\erpBackend\\erpBackend\\vendor\\laravel\\framework\\src\\Illuminate\\Console\\Concerns\\CallsCommands.php(68): Illuminate\\Console\\Command->run()
#15 C:\\Users\\Smorty\\Desktop\\erpBackend\\erpBackend\\vendor\\laravel\\framework\\src\\Illuminate\\Console\\Concerns\\CallsCommands.php(28): Illuminate\\Console\\Command->runCommand()
#16 C:\\Users\\Smorty\\Desktop\\erpBackend\\erpBackend\\vendor\\laravel\\framework\\src\\Illuminate\\Database\\Console\\Migrations\\FreshCommand.php(43): Illuminate\\Console\\Command->call()
#17 C:\\Users\\Smorty\\Desktop\\erpBackend\\erpBackend\\vendor\\laravel\\framework\\src\\Illuminate\\Container\\BoundMethod.php(36): Illuminate\\Database\\Console\\Migrations\\FreshCommand->handle()
#18 C:\\Users\\Smorty\\Desktop\\erpBackend\\erpBackend\\vendor\\laravel\\framework\\src\\Illuminate\\Container\\Util.php(40): Illuminate\\Container\\BoundMethod::Illuminate\\Container\\{closure}()
#19 C:\\Users\\Smorty\\Desktop\\erpBackend\\erpBackend\\vendor\\laravel\\framework\\src\\Illuminate\\Container\\BoundMethod.php(93): Illuminate\\Container\\Util::unwrapIfClosure()
#20 C:\\Users\\Smorty\\Desktop\\erpBackend\\erpBackend\\vendor\\laravel\\framework\\src\\Illuminate\\Container\\BoundMethod.php(37): Illuminate\\Container\\BoundMethod::callBoundMethod()
#21 C:\\Users\\Smorty\\Desktop\\erpBackend\\erpBackend\\vendor\\laravel\\framework\\src\\Illuminate\\Container\\Container.php(611): Illuminate\\Container\\BoundMethod::call()
#22 C:\\Users\\Smorty\\Desktop\\erpBackend\\erpBackend\\vendor\\laravel\\framework\\src\\Illuminate\\Console\\Command.php(136): Illuminate\\Container\\Container->call()
#23 C:\\Users\\Smorty\\Desktop\\erpBackend\\erpBackend\\vendor\\symfony\\console\\Command\\Command.php(256): Illuminate\\Console\\Command->execute()
#24 C:\\Users\\Smorty\\Desktop\\erpBackend\\erpBackend\\vendor\\laravel\\framework\\src\\Illuminate\\Console\\Command.php(121): Symfony\\Component\\Console\\Command\\Command->run()
#25 C:\\Users\\Smorty\\Desktop\\erpBackend\\erpBackend\\vendor\\symfony\\console\\Application.php(971): Illuminate\\Console\\Command->run()
#26 C:\\Users\\Smorty\\Desktop\\erpBackend\\erpBackend\\vendor\\symfony\\console\\Application.php(290): Symfony\\Component\\Console\\Application->doRunCommand()
#27 C:\\Users\\Smorty\\Desktop\\erpBackend\\erpBackend\\vendor\\symfony\\console\\Application.php(166): Symfony\\Component\\Console\\Application->doRun()
#28 C:\\Users\\Smorty\\Desktop\\erpBackend\\erpBackend\\vendor\\laravel\\framework\\src\\Illuminate\\Console\\Application.php(92): Symfony\\Component\\Console\\Application->run()
#29 C:\\Users\\Smorty\\Desktop\\erpBackend\\erpBackend\\vendor\\laravel\\framework\\src\\Illuminate\\Foundation\\Console\\Kernel.php(129): Illuminate\\Console\\Application->run()
#30 C:\\Users\\Smorty\\Desktop\\erpBackend\\erpBackend\\artisan(37): Illuminate\\Foundation\\Console\\Kernel->handle()
#31 {main}

[previous exception] [object] (PDOException(code: 2002): SQLSTATE[HY000] [2002] No connection could be made because the target machine actively refused it.
 at C:\\Users\\Smorty\\Desktop\\erpBackend\\erpBackend\\vendor\\laravel\\framework\\src\\Illuminate\\Database\\Connectors\\Connector.php:70)
[stacktrace]
#0 C:\\Users\\Smorty\\Desktop\\erpBackend\\erpBackend\\vendor\\laravel\\framework\\src\\Illuminate\\Database\\Connectors\\Connector.php(70): PDO->__construct()
#1 C:\\Users\\Smorty\\Desktop\\erpBackend\\erpBackend\\vendor\\laravel\\framework\\src\\Illuminate\\Database\\Connectors\\Connector.php(46): Illuminate\\Database\\Connectors\\Connector->createPdoConnection()
#2 C:\\Users\\Smorty\\Desktop\\erpBackend\\erpBackend\\vendor\\laravel\\framework\\src\\Illuminate\\Database\\Connectors\\MySqlConnector.php(24): Illuminate\\Database\\Connectors\\Connector->createConnection()
#3 C:\\Users\\Smorty\\Desktop\\erpBackend\\erpBackend\\vendor\\laravel\\framework\\src\\Illuminate\\Database\\Connectors\\ConnectionFactory.php(184): Illuminate\\Database\\Connectors\\MySqlConnector->connect()
#4 [internal function]: Illuminate\\Database\\Connectors\\ConnectionFactory->Illuminate\\Database\\Connectors\\{closure}()
#5 C:\\Users\\Smorty\\Desktop\\erpBackend\\erpBackend\\vendor\\laravel\\framework\\src\\Illuminate\\Database\\Connection.php(949): call_user_func()
#6 C:\\Users\\Smorty\\Desktop\\erpBackend\\erpBackend\\vendor\\laravel\\framework\\src\\Illuminate\\Database\\Connection.php(984): Illuminate\\Database\\Connection->getPdo()
#7 C:\\Users\\Smorty\\Desktop\\erpBackend\\erpBackend\\vendor\\laravel\\framework\\src\\Illuminate\\Database\\Connection.php(412): Illuminate\\Database\\Connection->getReadPdo()
#8 C:\\Users\\Smorty\\Desktop\\erpBackend\\erpBackend\\vendor\\laravel\\framework\\src\\Illuminate\\Database\\Connection.php(338): Illuminate\\Database\\Connection->getPdoForSelect()
#9 C:\\Users\\Smorty\\Desktop\\erpBackend\\erpBackend\\vendor\\laravel\\framework\\src\\Illuminate\\Database\\Connection.php(671): Illuminate\\Database\\Connection->Illuminate\\Database\\{closure}()
#10 C:\\Users\\Smorty\\Desktop\\erpBackend\\erpBackend\\vendor\\laravel\\framework\\src\\Illuminate\\Database\\Connection.php(638): Illuminate\\Database\\Connection->runQueryCallback()
#11 C:\\Users\\Smorty\\Desktop\\erpBackend\\erpBackend\\vendor\\laravel\\framework\\src\\Illuminate\\Database\\Connection.php(346): Illuminate\\Database\\Connection->run()
#12 C:\\Users\\Smorty\\Desktop\\erpBackend\\erpBackend\\vendor\\laravel\\framework\\src\\Illuminate\\Database\\Schema\\MySqlBuilder.php(125): Illuminate\\Database\\Connection->select()
#13 C:\\Users\\Smorty\\Desktop\\erpBackend\\erpBackend\\vendor\\laravel\\framework\\src\\Illuminate\\Database\\Schema\\MySqlBuilder.php(74): Illuminate\\Database\\Schema\\MySqlBuilder->getAllTables()
#14 C:\\Users\\Smorty\\Desktop\\erpBackend\\erpBackend\\vendor\\laravel\\framework\\src\\Illuminate\\Database\\Console\\WipeCommand.php(69): Illuminate\\Database\\Schema\\MySqlBuilder->dropAllTables()
#15 C:\\Users\\Smorty\\Desktop\\erpBackend\\erpBackend\\vendor\\laravel\\framework\\src\\Illuminate\\Database\\Console\\WipeCommand.php(46): Illuminate\\Database\\Console\\WipeCommand->dropAllTables()
#16 C:\\Users\\Smorty\\Desktop\\erpBackend\\erpBackend\\vendor\\laravel\\framework\\src\\Illuminate\\Container\\BoundMethod.php(36): Illuminate\\Database\\Console\\WipeCommand->handle()
#17 C:\\Users\\Smorty\\Desktop\\erpBackend\\erpBackend\\vendor\\laravel\\framework\\src\\Illuminate\\Container\\Util.php(40): Illuminate\\Container\\BoundMethod::Illuminate\\Container\\{closure}()
#18 C:\\Users\\Smorty\\Desktop\\erpBackend\\erpBackend\\vendor\\laravel\\framework\\src\\Illuminate\\Container\\BoundMethod.php(93): Illuminate\\Container\\Util::unwrapIfClosure()
#19 C:\\Users\\Smorty\\Desktop\\erpBackend\\erpBackend\\vendor\\laravel\\framework\\src\\Illuminate\\Container\\BoundMethod.php(37): Illuminate\\Container\\BoundMethod::callBoundMethod()
#20 C:\\Users\\Smorty\\Desktop\\erpBackend\\erpBackend\\vendor\\laravel\\framework\\src\\Illuminate\\Container\\Container.php(611): Illuminate\\Container\\BoundMethod::call()
#21 C:\\Users\\Smorty\\Desktop\\erpBackend\\erpBackend\\vendor\\laravel\\framework\\src\\Illuminate\\Console\\Command.php(136): Illuminate\\Container\\Container->call()
#22 C:\\Users\\Smorty\\Desktop\\erpBackend\\erpBackend\\vendor\\symfony\\console\\Command\\Command.php(256): Illuminate\\Console\\Command->execute()
#23 C:\\Users\\Smorty\\Desktop\\erpBackend\\erpBackend\\vendor\\laravel\\framework\\src\\Illuminate\\Console\\Command.php(121): Symfony\\Component\\Console\\Command\\Command->run()
#24 C:\\Users\\Smorty\\Desktop\\erpBackend\\erpBackend\\vendor\\laravel\\framework\\src\\Illuminate\\Console\\Concerns\\CallsCommands.php(68): Illuminate\\Console\\Command->run()
#25 C:\\Users\\Smorty\\Desktop\\erpBackend\\erpBackend\\vendor\\laravel\\framework\\src\\Illuminate\\Console\\Concerns\\CallsCommands.php(28): Illuminate\\Console\\Command->runCommand()
#26 C:\\Users\\Smorty\\Desktop\\erpBackend\\erpBackend\\vendor\\laravel\\framework\\src\\Illuminate\\Database\\Console\\Migrations\\FreshCommand.php(43): Illuminate\\Console\\Command->call()
#27 C:\\Users\\Smorty\\Desktop\\erpBackend\\erpBackend\\vendor\\laravel\\framework\\src\\Illuminate\\Container\\BoundMethod.php(36): Illuminate\\Database\\Console\\Migrations\\FreshCommand->handle()
#28 C:\\Users\\Smorty\\Desktop\\erpBackend\\erpBackend\\vendor\\laravel\\framework\\src\\Illuminate\\Container\\Util.php(40): Illuminate\\Container\\BoundMethod::Illuminate\\Container\\{closure}()
#29 C:\\Users\\Smorty\\Desktop\\erpBackend\\erpBackend\\vendor\\laravel\\framework\\src\\Illuminate\\Container\\BoundMethod.php(93): Illuminate\\Container\\Util::unwrapIfClosure()
#30 C:\\Users\\Smorty\\Desktop\\erpBackend\\erpBackend\\vendor\\laravel\\framework\\src\\Illuminate\\Container\\BoundMethod.php(37): Illuminate\\Container\\BoundMethod::callBoundMethod()
#31 C:\\Users\\Smorty\\Desktop\\erpBackend\\erpBackend\\vendor\\laravel\\framework\\src\\Illuminate\\Container\\Container.php(611): Illuminate\\Container\\BoundMethod::call()
#32 C:\\Users\\Smorty\\Desktop\\erpBackend\\erpBackend\\vendor\\laravel\\framework\\src\\Illuminate\\Console\\Command.php(136): Illuminate\\Container\\Container->call()
#33 C:\\Users\\Smorty\\Desktop\\erpBackend\\erpBackend\\vendor\\symfony\\console\\Command\\Command.php(256): Illuminate\\Console\\Command->execute()
#34 C:\\Users\\Smorty\\Desktop\\erpBackend\\erpBackend\\vendor\\laravel\\framework\\src\\Illuminate\\Console\\Command.php(121): Symfony\\Component\\Console\\Command\\Command->run()
#35 C:\\Users\\Smorty\\Desktop\\erpBackend\\erpBackend\\vendor\\symfony\\console\\Application.php(971): Illuminate\\Console\\Command->run()
#36 C:\\Users\\Smorty\\Desktop\\erpBackend\\erpBackend\\vendor\\symfony\\console\\Application.php(290): Symfony\\Component\\Console\\Application->doRunCommand()
#37 C:\\Users\\Smorty\\Desktop\\erpBackend\\erpBackend\\vendor\\symfony\\console\\Application.php(166): Symfony\\Component\\Console\\Application->doRun()
#38 C:\\Users\\Smorty\\Desktop\\erpBackend\\erpBackend\\vendor\\laravel\\framework\\src\\Illuminate\\Console\\Application.php(92): Symfony\\Component\\Console\\Application->run()
#39 C:\\Users\\Smorty\\Desktop\\erpBackend\\erpBackend\\vendor\\laravel\\framework\\src\\Illuminate\\Foundation\\Console\\Kernel.php(129): Illuminate\\Console\\Application->run()
#40 C:\\Users\\Smorty\\Desktop\\erpBackend\\erpBackend\\artisan(37): Illuminate\\Foundation\\Console\\Kernel->handle()
#41 {main}
"} 
[2021-05-02 12:57:04] local.ERROR: Database connection [taxiSluzba] not configured. {"exception":"[object] (InvalidArgumentException(code: 0): Database connection [taxiSluzba] not configured. at C:\\Users\\Smorty\\Desktop\\erpBackend\\erpBackend\\vendor\\laravel\\framework\\src\\Illuminate\\Database\\DatabaseManager.php:152)
[stacktrace]
#0 C:\\Users\\Smorty\\Desktop\\erpBackend\\erpBackend\\vendor\\laravel\\framework\\src\\Illuminate\\Database\\DatabaseManager.php(115): Illuminate\\Database\\DatabaseManager->configuration()
#1 C:\\Users\\Smorty\\Desktop\\erpBackend\\erpBackend\\vendor\\laravel\\framework\\src\\Illuminate\\Database\\DatabaseManager.php(86): Illuminate\\Database\\DatabaseManager->makeConnection()
#2 C:\\Users\\Smorty\\Desktop\\erpBackend\\erpBackend\\vendor\\laravel\\framework\\src\\Illuminate\\Database\\Console\\WipeCommand.php(67): Illuminate\\Database\\DatabaseManager->connection()
#3 C:\\Users\\Smorty\\Desktop\\erpBackend\\erpBackend\\vendor\\laravel\\framework\\src\\Illuminate\\Database\\Console\\WipeCommand.php(46): Illuminate\\Database\\Console\\WipeCommand->dropAllTables()
#4 C:\\Users\\Smorty\\Desktop\\erpBackend\\erpBackend\\vendor\\laravel\\framework\\src\\Illuminate\\Container\\BoundMethod.php(36): Illuminate\\Database\\Console\\WipeCommand->handle()
#5 C:\\Users\\Smorty\\Desktop\\erpBackend\\erpBackend\\vendor\\laravel\\framework\\src\\Illuminate\\Container\\Util.php(40): Illuminate\\Container\\BoundMethod::Illuminate\\Container\\{closure}()
#6 C:\\Users\\Smorty\\Desktop\\erpBackend\\erpBackend\\vendor\\laravel\\framework\\src\\Illuminate\\Container\\BoundMethod.php(93): Illuminate\\Container\\Util::unwrapIfClosure()
#7 C:\\Users\\Smorty\\Desktop\\erpBackend\\erpBackend\\vendor\\laravel\\framework\\src\\Illuminate\\Container\\BoundMethod.php(37): Illuminate\\Container\\BoundMethod::callBoundMethod()
#8 C:\\Users\\Smorty\\Desktop\\erpBackend\\erpBackend\\vendor\\laravel\\framework\\src\\Illuminate\\Container\\Container.php(611): Illuminate\\Container\\BoundMethod::call()
#9 C:\\Users\\Smorty\\Desktop\\erpBackend\\erpBackend\\vendor\\laravel\\framework\\src\\Illuminate\\Console\\Command.php(136): Illuminate\\Container\\Container->call()
#10 C:\\Users\\Smorty\\Desktop\\erpBackend\\erpBackend\\vendor\\symfony\\console\\Command\\Command.php(256): Illuminate\\Console\\Command->execute()
#11 C:\\Users\\Smorty\\Desktop\\erpBackend\\erpBackend\\vendor\\laravel\\framework\\src\\Illuminate\\Console\\Command.php(121): Symfony\\Component\\Console\\Command\\Command->run()
#12 C:\\Users\\Smorty\\Desktop\\erpBackend\\erpBackend\\vendor\\laravel\\framework\\src\\Illuminate\\Console\\Concerns\\CallsCommands.php(68): Illuminate\\Console\\Command->run()
#13 C:\\Users\\Smorty\\Desktop\\erpBackend\\erpBackend\\vendor\\laravel\\framework\\src\\Illuminate\\Console\\Concerns\\CallsCommands.php(28): Illuminate\\Console\\Command->runCommand()
#14 C:\\Users\\Smorty\\Desktop\\erpBackend\\erpBackend\\vendor\\laravel\\framework\\src\\Illuminate\\Database\\Console\\Migrations\\FreshCommand.php(43): Illuminate\\Console\\Command->call()
#15 C:\\Users\\Smorty\\Desktop\\erpBackend\\erpBackend\\vendor\\laravel\\framework\\src\\Illuminate\\Container\\BoundMethod.php(36): Illuminate\\Database\\Console\\Migrations\\FreshCommand->handle()
#16 C:\\Users\\Smorty\\Desktop\\erpBackend\\erpBackend\\vendor\\laravel\\framework\\src\\Illuminate\\Container\\Util.php(40): Illuminate\\Container\\BoundMethod::Illuminate\\Container\\{closure}()
#17 C:\\Users\\Smorty\\Desktop\\erpBackend\\erpBackend\\vendor\\laravel\\framework\\src\\Illuminate\\Container\\BoundMethod.php(93): Illuminate\\Container\\Util::unwrapIfClosure()
#18 C:\\Users\\Smorty\\Desktop\\erpBackend\\erpBackend\\vendor\\laravel\\framework\\src\\Illuminate\\Container\\BoundMethod.php(37): Illuminate\\Container\\BoundMethod::callBoundMethod()
#19 C:\\Users\\Smorty\\Desktop\\erpBackend\\erpBackend\\vendor\\laravel\\framework\\src\\Illuminate\\Container\\Container.php(611): Illuminate\\Container\\BoundMethod::call()
#20 C:\\Users\\Smorty\\Desktop\\erpBackend\\erpBackend\\vendor\\laravel\\framework\\src\\Illuminate\\Console\\Command.php(136): Illuminate\\Container\\Container->call()
#21 C:\\Users\\Smorty\\Desktop\\erpBackend\\erpBackend\\vendor\\symfony\\console\\Command\\Command.php(256): Illuminate\\Console\\Command->execute()
#22 C:\\Users\\Smorty\\Desktop\\erpBackend\\erpBackend\\vendor\\laravel\\framework\\src\\Illuminate\\Console\\Command.php(121): Symfony\\Component\\Console\\Command\\Command->run()
#23 C:\\Users\\Smorty\\Desktop\\erpBackend\\erpBackend\\vendor\\symfony\\console\\Application.php(971): Illuminate\\Console\\Command->run()
#24 C:\\Users\\Smorty\\Desktop\\erpBackend\\erpBackend\\vendor\\symfony\\console\\Application.php(290): Symfony\\Component\\Console\\Application->doRunCommand()
#25 C:\\Users\\Smorty\\Desktop\\erpBackend\\erpBackend\\vendor\\symfony\\console\\Application.php(166): Symfony\\Component\\Console\\Application->doRun()
#26 C:\\Users\\Smorty\\Desktop\\erpBackend\\erpBackend\\vendor\\laravel\\framework\\src\\Illuminate\\Console\\Application.php(92): Symfony\\Component\\Console\\Application->run()
#27 C:\\Users\\Smorty\\Desktop\\erpBackend\\erpBackend\\vendor\\laravel\\framework\\src\\Illuminate\\Foundation\\Console\\Kernel.php(129): Illuminate\\Console\\Application->run()
#28 C:\\Users\\Smorty\\Desktop\\erpBackend\\erpBackend\\artisan(37): Illuminate\\Foundation\\Console\\Kernel->handle()
#29 {main}
"} 
[2021-05-02 13:11:18] local.ERROR: There are no commands defined in the "migration" namespace.

Did you mean this?
    migrate {"exception":"[object] (Symfony\\Component\\Console\\Exception\\NamespaceNotFoundException(code: 0): There are no commands defined in the \"migration\" namespace.

Did you mean this?
    migrate at C:\\Users\\Smorty\\Desktop\\erpBackend\\erpBackend\\vendor\\symfony\\console\\Application.php:605)
[stacktrace]
#0 C:\\Users\\Smorty\\Desktop\\erpBackend\\erpBackend\\vendor\\symfony\\console\\Application.php(656): Symfony\\Component\\Console\\Application->findNamespace()
#1 C:\\Users\\Smorty\\Desktop\\erpBackend\\erpBackend\\vendor\\symfony\\console\\Application.php(254): Symfony\\Component\\Console\\Application->find()
#2 C:\\Users\\Smorty\\Desktop\\erpBackend\\erpBackend\\vendor\\symfony\\console\\Application.php(166): Symfony\\Component\\Console\\Application->doRun()
#3 C:\\Users\\Smorty\\Desktop\\erpBackend\\erpBackend\\vendor\\laravel\\framework\\src\\Illuminate\\Console\\Application.php(92): Symfony\\Component\\Console\\Application->run()
#4 C:\\Users\\Smorty\\Desktop\\erpBackend\\erpBackend\\vendor\\laravel\\framework\\src\\Illuminate\\Foundation\\Console\\Kernel.php(129): Illuminate\\Console\\Application->run()
#5 C:\\Users\\Smorty\\Desktop\\erpBackend\\erpBackend\\artisan(37): Illuminate\\Foundation\\Console\\Kernel->handle()
#6 {main}
"} 
[2021-05-02 13:11:26] local.ERROR: There are no commands defined in the "migrations" namespace. {"exception":"[object] (Symfony\\Component\\Console\\Exception\\NamespaceNotFoundException(code: 0): There are no commands defined in the \"migrations\" namespace. at C:\\Users\\Smorty\\Desktop\\erpBackend\\erpBackend\\vendor\\symfony\\console\\Application.php:605)
[stacktrace]
#0 C:\\Users\\Smorty\\Desktop\\erpBackend\\erpBackend\\vendor\\symfony\\console\\Application.php(656): Symfony\\Component\\Console\\Application->findNamespace()
#1 C:\\Users\\Smorty\\Desktop\\erpBackend\\erpBackend\\vendor\\symfony\\console\\Application.php(254): Symfony\\Component\\Console\\Application->find()
#2 C:\\Users\\Smorty\\Desktop\\erpBackend\\erpBackend\\vendor\\symfony\\console\\Application.php(166): Symfony\\Component\\Console\\Application->doRun()
#3 C:\\Users\\Smorty\\Desktop\\erpBackend\\erpBackend\\vendor\\laravel\\framework\\src\\Illuminate\\Console\\Application.php(92): Symfony\\Component\\Console\\Application->run()
#4 C:\\Users\\Smorty\\Desktop\\erpBackend\\erpBackend\\vendor\\laravel\\framework\\src\\Illuminate\\Foundation\\Console\\Kernel.php(129): Illuminate\\Console\\Application->run()
#5 C:\\Users\\Smorty\\Desktop\\erpBackend\\erpBackend\\artisan(37): Illuminate\\Foundation\\Console\\Kernel->handle()
#6 {main}
"} 
[2021-05-02 13:11:34] local.ERROR: SQLSTATE[HY000] [1049] Unknown database 'taxisluzba' (SQL: SHOW FULL TABLES WHERE table_type = 'BASE TABLE') {"exception":"[object] (Illuminate\\Database\\QueryException(code: 1049): SQLSTATE[HY000] [1049] Unknown database 'taxisluzba' (SQL: SHOW FULL TABLES WHERE table_type = 'BASE TABLE') at C:\\Users\\Smorty\\Desktop\\erpBackend\\erpBackend\\vendor\\laravel\\framework\\src\\Illuminate\\Database\\Connection.php:678)
[stacktrace]
#0 C:\\Users\\Smorty\\Desktop\\erpBackend\\erpBackend\\vendor\\laravel\\framework\\src\\Illuminate\\Database\\Connection.php(638): Illuminate\\Database\\Connection->runQueryCallback()
#1 C:\\Users\\Smorty\\Desktop\\erpBackend\\erpBackend\\vendor\\laravel\\framework\\src\\Illuminate\\Database\\Connection.php(346): Illuminate\\Database\\Connection->run()
#2 C:\\Users\\Smorty\\Desktop\\erpBackend\\erpBackend\\vendor\\laravel\\framework\\src\\Illuminate\\Database\\Schema\\MySqlBuilder.php(125): Illuminate\\Database\\Connection->select()
#3 C:\\Users\\Smorty\\Desktop\\erpBackend\\erpBackend\\vendor\\laravel\\framework\\src\\Illuminate\\Database\\Schema\\MySqlBuilder.php(74): Illuminate\\Database\\Schema\\MySqlBuilder->getAllTables()
#4 C:\\Users\\Smorty\\Desktop\\erpBackend\\erpBackend\\vendor\\laravel\\framework\\src\\Illuminate\\Database\\Console\\WipeCommand.php(69): Illuminate\\Database\\Schema\\MySqlBuilder->dropAllTables()
#5 C:\\Users\\Smorty\\Desktop\\erpBackend\\erpBackend\\vendor\\laravel\\framework\\src\\Illuminate\\Database\\Console\\WipeCommand.php(46): Illuminate\\Database\\Console\\WipeCommand->dropAllTables()
#6 C:\\Users\\Smorty\\Desktop\\erpBackend\\erpBackend\\vendor\\laravel\\framework\\src\\Illuminate\\Container\\BoundMethod.php(36): Illuminate\\Database\\Console\\WipeCommand->handle()
#7 C:\\Users\\Smorty\\Desktop\\erpBackend\\erpBackend\\vendor\\laravel\\framework\\src\\Illuminate\\Container\\Util.php(40): Illuminate\\Container\\BoundMethod::Illuminate\\Container\\{closure}()
#8 C:\\Users\\Smorty\\Desktop\\erpBackend\\erpBackend\\vendor\\laravel\\framework\\src\\Illuminate\\Container\\BoundMethod.php(93): Illuminate\\Container\\Util::unwrapIfClosure()
#9 C:\\Users\\Smorty\\Desktop\\erpBackend\\erpBackend\\vendor\\laravel\\framework\\src\\Illuminate\\Container\\BoundMethod.php(37): Illuminate\\Container\\BoundMethod::callBoundMethod()
#10 C:\\Users\\Smorty\\Desktop\\erpBackend\\erpBackend\\vendor\\laravel\\framework\\src\\Illuminate\\Container\\Container.php(611): Illuminate\\Container\\BoundMethod::call()
#11 C:\\Users\\Smorty\\Desktop\\erpBackend\\erpBackend\\vendor\\laravel\\framework\\src\\Illuminate\\Console\\Command.php(136): Illuminate\\Container\\Container->call()
#12 C:\\Users\\Smorty\\Desktop\\erpBackend\\erpBackend\\vendor\\symfony\\console\\Command\\Command.php(256): Illuminate\\Console\\Command->execute()
#13 C:\\Users\\Smorty\\Desktop\\erpBackend\\erpBackend\\vendor\\laravel\\framework\\src\\Illuminate\\Console\\Command.php(121): Symfony\\Component\\Console\\Command\\Command->run()
#14 C:\\Users\\Smorty\\Desktop\\erpBackend\\erpBackend\\vendor\\laravel\\framework\\src\\Illuminate\\Console\\Concerns\\CallsCommands.php(68): Illuminate\\Console\\Command->run()
#15 C:\\Users\\Smorty\\Desktop\\erpBackend\\erpBackend\\vendor\\laravel\\framework\\src\\Illuminate\\Console\\Concerns\\CallsCommands.php(28): Illuminate\\Console\\Command->runCommand()
#16 C:\\Users\\Smorty\\Desktop\\erpBackend\\erpBackend\\vendor\\laravel\\framework\\src\\Illuminate\\Database\\Console\\Migrations\\FreshCommand.php(43): Illuminate\\Console\\Command->call()
#17 C:\\Users\\Smorty\\Desktop\\erpBackend\\erpBackend\\vendor\\laravel\\framework\\src\\Illuminate\\Container\\BoundMethod.php(36): Illuminate\\Database\\Console\\Migrations\\FreshCommand->handle()
#18 C:\\Users\\Smorty\\Desktop\\erpBackend\\erpBackend\\vendor\\laravel\\framework\\src\\Illuminate\\Container\\Util.php(40): Illuminate\\Container\\BoundMethod::Illuminate\\Container\\{closure}()
#19 C:\\Users\\Smorty\\Desktop\\erpBackend\\erpBackend\\vendor\\laravel\\framework\\src\\Illuminate\\Container\\BoundMethod.php(93): Illuminate\\Container\\Util::unwrapIfClosure()
#20 C:\\Users\\Smorty\\Desktop\\erpBackend\\erpBackend\\vendor\\laravel\\framework\\src\\Illuminate\\Container\\BoundMethod.php(37): Illuminate\\Container\\BoundMethod::callBoundMethod()
#21 C:\\Users\\Smorty\\Desktop\\erpBackend\\erpBackend\\vendor\\laravel\\framework\\src\\Illuminate\\Container\\Container.php(611): Illuminate\\Container\\BoundMethod::call()
#22 C:\\Users\\Smorty\\Desktop\\erpBackend\\erpBackend\\vendor\\laravel\\framework\\src\\Illuminate\\Console\\Command.php(136): Illuminate\\Container\\Container->call()
#23 C:\\Users\\Smorty\\Desktop\\erpBackend\\erpBackend\\vendor\\symfony\\console\\Command\\Command.php(256): Illuminate\\Console\\Command->execute()
#24 C:\\Users\\Smorty\\Desktop\\erpBackend\\erpBackend\\vendor\\laravel\\framework\\src\\Illuminate\\Console\\Command.php(121): Symfony\\Component\\Console\\Command\\Command->run()
#25 C:\\Users\\Smorty\\Desktop\\erpBackend\\erpBackend\\vendor\\symfony\\console\\Application.php(971): Illuminate\\Console\\Command->run()
#26 C:\\Users\\Smorty\\Desktop\\erpBackend\\erpBackend\\vendor\\symfony\\console\\Application.php(290): Symfony\\Component\\Console\\Application->doRunCommand()
#27 C:\\Users\\Smorty\\Desktop\\erpBackend\\erpBackend\\vendor\\symfony\\console\\Application.php(166): Symfony\\Component\\Console\\Application->doRun()
#28 C:\\Users\\Smorty\\Desktop\\erpBackend\\erpBackend\\vendor\\laravel\\framework\\src\\Illuminate\\Console\\Application.php(92): Symfony\\Component\\Console\\Application->run()
#29 C:\\Users\\Smorty\\Desktop\\erpBackend\\erpBackend\\vendor\\laravel\\framework\\src\\Illuminate\\Foundation\\Console\\Kernel.php(129): Illuminate\\Console\\Application->run()
#30 C:\\Users\\Smorty\\Desktop\\erpBackend\\erpBackend\\artisan(37): Illuminate\\Foundation\\Console\\Kernel->handle()
#31 {main}

[previous exception] [object] (PDOException(code: 1049): SQLSTATE[HY000] [1049] Unknown database 'taxisluzba' at C:\\Users\\Smorty\\Desktop\\erpBackend\\erpBackend\\vendor\\laravel\\framework\\src\\Illuminate\\Database\\Connectors\\Connector.php:70)
[stacktrace]
#0 C:\\Users\\Smorty\\Desktop\\erpBackend\\erpBackend\\vendor\\laravel\\framework\\src\\Illuminate\\Database\\Connectors\\Connector.php(70): PDO->__construct()
#1 C:\\Users\\Smorty\\Desktop\\erpBackend\\erpBackend\\vendor\\laravel\\framework\\src\\Illuminate\\Database\\Connectors\\Connector.php(46): Illuminate\\Database\\Connectors\\Connector->createPdoConnection()
#2 C:\\Users\\Smorty\\Desktop\\erpBackend\\erpBackend\\vendor\\laravel\\framework\\src\\Illuminate\\Database\\Connectors\\MySqlConnector.php(24): Illuminate\\Database\\Connectors\\Connector->createConnection()
#3 C:\\Users\\Smorty\\Desktop\\erpBackend\\erpBackend\\vendor\\laravel\\framework\\src\\Illuminate\\Database\\Connectors\\ConnectionFactory.php(184): Illuminate\\Database\\Connectors\\MySqlConnector->connect()
#4 [internal function]: Illuminate\\Database\\Connectors\\ConnectionFactory->Illuminate\\Database\\Connectors\\{closure}()
#5 C:\\Users\\Smorty\\Desktop\\erpBackend\\erpBackend\\vendor\\laravel\\framework\\src\\Illuminate\\Database\\Connection.php(949): call_user_func()
#6 C:\\Users\\Smorty\\Desktop\\erpBackend\\erpBackend\\vendor\\laravel\\framework\\src\\Illuminate\\Database\\Connection.php(984): Illuminate\\Database\\Connection->getPdo()
#7 C:\\Users\\Smorty\\Desktop\\erpBackend\\erpBackend\\vendor\\laravel\\framework\\src\\Illuminate\\Database\\Connection.php(412): Illuminate\\Database\\Connection->getReadPdo()
#8 C:\\Users\\Smorty\\Desktop\\erpBackend\\erpBackend\\vendor\\laravel\\framework\\src\\Illuminate\\Database\\Connection.php(338): Illuminate\\Database\\Connection->getPdoForSelect()
#9 C:\\Users\\Smorty\\Desktop\\erpBackend\\erpBackend\\vendor\\laravel\\framework\\src\\Illuminate\\Database\\Connection.php(671): Illuminate\\Database\\Connection->Illuminate\\Database\\{closure}()
#10 C:\\Users\\Smorty\\Desktop\\erpBackend\\erpBackend\\vendor\\laravel\\framework\\src\\Illuminate\\Database\\Connection.php(638): Illuminate\\Database\\Connection->runQueryCallback()
#11 C:\\Users\\Smorty\\Desktop\\erpBackend\\erpBackend\\vendor\\laravel\\framework\\src\\Illuminate\\Database\\Connection.php(346): Illuminate\\Database\\Connection->run()
#12 C:\\Users\\Smorty\\Desktop\\erpBackend\\erpBackend\\vendor\\laravel\\framework\\src\\Illuminate\\Database\\Schema\\MySqlBuilder.php(125): Illuminate\\Database\\Connection->select()
#13 C:\\Users\\Smorty\\Desktop\\erpBackend\\erpBackend\\vendor\\laravel\\framework\\src\\Illuminate\\Database\\Schema\\MySqlBuilder.php(74): Illuminate\\Database\\Schema\\MySqlBuilder->getAllTables()
#14 C:\\Users\\Smorty\\Desktop\\erpBackend\\erpBackend\\vendor\\laravel\\framework\\src\\Illuminate\\Database\\Console\\WipeCommand.php(69): Illuminate\\Database\\Schema\\MySqlBuilder->dropAllTables()
#15 C:\\Users\\Smorty\\Desktop\\erpBackend\\erpBackend\\vendor\\laravel\\framework\\src\\Illuminate\\Database\\Console\\WipeCommand.php(46): Illuminate\\Database\\Console\\WipeCommand->dropAllTables()
#16 C:\\Users\\Smorty\\Desktop\\erpBackend\\erpBackend\\vendor\\laravel\\framework\\src\\Illuminate\\Container\\BoundMethod.php(36): Illuminate\\Database\\Console\\WipeCommand->handle()
#17 C:\\Users\\Smorty\\Desktop\\erpBackend\\erpBackend\\vendor\\laravel\\framework\\src\\Illuminate\\Container\\Util.php(40): Illuminate\\Container\\BoundMethod::Illuminate\\Container\\{closure}()
#18 C:\\Users\\Smorty\\Desktop\\erpBackend\\erpBackend\\vendor\\laravel\\framework\\src\\Illuminate\\Container\\BoundMethod.php(93): Illuminate\\Container\\Util::unwrapIfClosure()
#19 C:\\Users\\Smorty\\Desktop\\erpBackend\\erpBackend\\vendor\\laravel\\framework\\src\\Illuminate\\Container\\BoundMethod.php(37): Illuminate\\Container\\BoundMethod::callBoundMethod()
#20 C:\\Users\\Smorty\\Desktop\\erpBackend\\erpBackend\\vendor\\laravel\\framework\\src\\Illuminate\\Container\\Container.php(611): Illuminate\\Container\\BoundMethod::call()
#21 C:\\Users\\Smorty\\Desktop\\erpBackend\\erpBackend\\vendor\\laravel\\framework\\src\\Illuminate\\Console\\Command.php(136): Illuminate\\Container\\Container->call()
#22 C:\\Users\\Smorty\\Desktop\\erpBackend\\erpBackend\\vendor\\symfony\\console\\Command\\Command.php(256): Illuminate\\Console\\Command->execute()
#23 C:\\Users\\Smorty\\Desktop\\erpBackend\\erpBackend\\vendor\\laravel\\framework\\src\\Illuminate\\Console\\Command.php(121): Symfony\\Component\\Console\\Command\\Command->run()
#24 C:\\Users\\Smorty\\Desktop\\erpBackend\\erpBackend\\vendor\\laravel\\framework\\src\\Illuminate\\Console\\Concerns\\CallsCommands.php(68): Illuminate\\Console\\Command->run()
#25 C:\\Users\\Smorty\\Desktop\\erpBackend\\erpBackend\\vendor\\laravel\\framework\\src\\Illuminate\\Console\\Concerns\\CallsCommands.php(28): Illuminate\\Console\\Command->runCommand()
#26 C:\\Users\\Smorty\\Desktop\\erpBackend\\erpBackend\\vendor\\laravel\\framework\\src\\Illuminate\\Database\\Console\\Migrations\\FreshCommand.php(43): Illuminate\\Console\\Command->call()
#27 C:\\Users\\Smorty\\Desktop\\erpBackend\\erpBackend\\vendor\\laravel\\framework\\src\\Illuminate\\Container\\BoundMethod.php(36): Illuminate\\Database\\Console\\Migrations\\FreshCommand->handle()
#28 C:\\Users\\Smorty\\Desktop\\erpBackend\\erpBackend\\vendor\\laravel\\framework\\src\\Illuminate\\Container\\Util.php(40): Illuminate\\Container\\BoundMethod::Illuminate\\Container\\{closure}()
#29 C:\\Users\\Smorty\\Desktop\\erpBackend\\erpBackend\\vendor\\laravel\\framework\\src\\Illuminate\\Container\\BoundMethod.php(93): Illuminate\\Container\\Util::unwrapIfClosure()
#30 C:\\Users\\Smorty\\Desktop\\erpBackend\\erpBackend\\vendor\\laravel\\framework\\src\\Illuminate\\Container\\BoundMethod.php(37): Illuminate\\Container\\BoundMethod::callBoundMethod()
#31 C:\\Users\\Smorty\\Desktop\\erpBackend\\erpBackend\\vendor\\laravel\\framework\\src\\Illuminate\\Container\\Container.php(611): Illuminate\\Container\\BoundMethod::call()
#32 C:\\Users\\Smorty\\Desktop\\erpBackend\\erpBackend\\vendor\\laravel\\framework\\src\\Illuminate\\Console\\Command.php(136): Illuminate\\Container\\Container->call()
#33 C:\\Users\\Smorty\\Desktop\\erpBackend\\erpBackend\\vendor\\symfony\\console\\Command\\Command.php(256): Illuminate\\Console\\Command->execute()
#34 C:\\Users\\Smorty\\Desktop\\erpBackend\\erpBackend\\vendor\\laravel\\framework\\src\\Illuminate\\Console\\Command.php(121): Symfony\\Component\\Console\\Command\\Command->run()
#35 C:\\Users\\Smorty\\Desktop\\erpBackend\\erpBackend\\vendor\\symfony\\console\\Application.php(971): Illuminate\\Console\\Command->run()
#36 C:\\Users\\Smorty\\Desktop\\erpBackend\\erpBackend\\vendor\\symfony\\console\\Application.php(290): Symfony\\Component\\Console\\Application->doRunCommand()
#37 C:\\Users\\Smorty\\Desktop\\erpBackend\\erpBackend\\vendor\\symfony\\console\\Application.php(166): Symfony\\Component\\Console\\Application->doRun()
#38 C:\\Users\\Smorty\\Desktop\\erpBackend\\erpBackend\\vendor\\laravel\\framework\\src\\Illuminate\\Console\\Application.php(92): Symfony\\Component\\Console\\Application->run()
#39 C:\\Users\\Smorty\\Desktop\\erpBackend\\erpBackend\\vendor\\laravel\\framework\\src\\Illuminate\\Foundation\\Console\\Kernel.php(129): Illuminate\\Console\\Application->run()
#40 C:\\Users\\Smorty\\Desktop\\erpBackend\\erpBackend\\artisan(37): Illuminate\\Foundation\\Console\\Kernel->handle()
#41 {main}
"} 
